<testsuite failures="0" name="src/test/java/features/headers.feature" skipped="0" tests="3" time="3.797393">
  <testcase classname="src.test.java.features.headers" name="Pass user request with headers" time="1.828518">
    <system-out>Given header Content-Type = 'text/xml;charset=ISO-8859-1' ................. passed
And header Accept-Encoding = 'gzip,deflate' ............................... passed
And header Connection = 'Keep-Alive' ...................................... passed
And header Expect = '100-continue' ........................................ passed
And header User-Agent = 'Mozilla/4.0(compatible;IE;GACv7\. 1\. 5192\. 22378)' . passed
And header Authorization = 'Bearer' + tokenID ............................. passed
When url baseUrl+'/public/v2/users' ....................................... passed
And path '458212' ......................................................... passed
When method GET ........................................................... passed
Then status 200 ........................................................... passed
* print response .......................................................... passed</system-out>
  </testcase>
  <testcase classname="src.test.java.features.headers" name="Pass user request with headers with variable" time="0.974532">
    <system-out>Given header Content-Type = 'text/xml;charset=ISO-8859-1' ................. passed
And header Accept-Encoding = 'gzip,deflate' ............................... passed
And header Connection = 'Keep-Alive' ...................................... passed
And header Expect = '100-continue' ........................................ passed
And header User-Agent = 'Mozilla/4.0(compatible;IE;GACv7\. 1\. 5192\. 22378)' . passed
And header Authorization = 'Bearer' + tokenID ............................. passed
When url baseUrl+'/public/v2/users' ....................................... passed
And path '458212' ......................................................... passed
When method GET ........................................................... passed
Then status 200 ........................................................... passed
* print response .......................................................... passed
* def request_headers = {Content-Type: 'text/xml;charset=ISO-8859-1', Connection: 'Keep-Alive', User-Agent: 'Mozilla/4.0(compatible;IE;GACv7\. 1\. 5192\. 22378)'} . passed
Given headers request_headers ............................................. passed
And header Authorization = 'Bearer' + tokenID ............................. passed
When url baseUrl+'/public/v2/users' ....................................... passed
And path '458212' ......................................................... passed
When method GET ........................................................... passed
Then status 200 ........................................................... passed
* print response .......................................................... passed</system-out>
  </testcase>
  <testcase classname="src.test.java.features.headers" name="Pass user request with headers with configure" time="0.994343">
    <system-out>Given header Content-Type = 'text/xml;charset=ISO-8859-1' ................. passed
And header Accept-Encoding = 'gzip,deflate' ............................... passed
And header Connection = 'Keep-Alive' ...................................... passed
And header Expect = '100-continue' ........................................ passed
And header User-Agent = 'Mozilla/4.0(compatible;IE;GACv7\. 1\. 5192\. 22378)' . passed
And header Authorization = 'Bearer' + tokenID ............................. passed
When url baseUrl+'/public/v2/users' ....................................... passed
And path '458212' ......................................................... passed
When method GET ........................................................... passed
Then status 200 ........................................................... passed
* print response .......................................................... passed
* def request_headers = {Content-Type: 'text/xml;charset=ISO-8859-1', Connection: 'Keep-Alive', User-Agent: 'Mozilla/4.0(compatible;IE;GACv7\. 1\. 5192\. 22378)'} . passed
Given headers request_headers ............................................. passed
And header Authorization = 'Bearer' + tokenID ............................. passed
When url baseUrl+'/public/v2/users' ....................................... passed
And path '458212' ......................................................... passed
When method GET ........................................................... passed
Then status 200 ........................................................... passed
* print response .......................................................... passed
* configure headers = {Content-Type: 'text/xml;charset=ISO-8859-1', Connection: 'Keep-Alive', User-Agent: 'Mozilla/4.0(compatible;IE;GACv7\. 1\. 5192\. 22378)'} . passed
Given header Authorization = 'Bearer' + tokenID ........................... passed
When url baseUrl+'/public/v2/users' ....................................... passed
And path '458212' ......................................................... passed
When method GET ........................................................... passed
Then status 200 ........................................................... passed
* print response .......................................................... passed</system-out>
  </testcase>
</testsuite>
