<testsuite failures="0" name="src/test/java/features/randomemail.feature" skipped="0" tests="1" time="1.905885">
  <testcase classname="src.test.java.features.randomemail" name="Create a user with given data" time="1.905885">
    <system-out>* url 'https://gorest.co.in' .............................................. passed
* def random_string = ..................................................... passed
* def randomString = random_string(5) ..................................... passed
* def reqPayload = ........................................................ passed
* reqPayload.email = randomString + "@gmail.com" .......................... passed
* print reqPayload ........................................................ passed
Given path '/public/v2/users' ............................................. passed
And request reqPayload .................................................... passed
And header Authorization = 'Bearer ' + tokenID ............................ passed
When method POST .......................................................... passed
Then status 201 ........................................................... passed
And match $.id == '#present' .............................................. passed
And match $.name == 'Parveen' ............................................. passed
And match $.email == reqPayload.email ..................................... passed</system-out>
  </testcase>
</testsuite>
